<?xml version="1.0" encoding="UTF-8"?>
<testng-results ignored="0" total="1" passed="1" failed="0" skipped="0">
  <reporter-output>
  </reporter-output>
  <suite started-at="2020-05-25T18:22:54 IST" name="Surefire suite" finished-at="2020-05-25T18:22:54 IST" duration-ms="687">
    <groups>
    </groups>
    <test started-at="2020-05-25T18:22:54 IST" name="Surefire test" finished-at="2020-05-25T18:22:54 IST" duration-ms="687">
      <class name="Demp.Maven.AppTest">
        <test-method signature="shouldAnswerWithTrue()" started-at="2020-05-25T18:22:54 IST" name="shouldAnswerWithTrue" finished-at="2020-05-25T18:22:54 IST" duration-ms="0" status="PASS">
          <reporter-output>
          </reporter-output>
        </test-method> <!-- shouldAnswerWithTrue -->
      </class> <!-- Demp.Maven.AppTest -->
    </test> <!-- Surefire test -->
  </suite> <!-- Surefire suite -->
</testng-results>
