<?xml version="1.0" encoding="UTF-8"?>
<!-- Generated by org.testng.reporters.JUnitXMLReporter -->
<testsuite ignored="4" hostname="DESKTOP-K0SRPQN" failures="2" tests="2" name="Test" time="0.364" errors="0" timestamp="2020-06-06T13:47:51 IST">
  <testcase classname="Demp.Maven.MapDataLabTest" name="geojsonFile" time="0.198">
    <failure type="java.lang.NullPointerException">
      <![CDATA[java.lang.NullPointerException
at java.base/java.util.Objects.requireNonNull(Objects.java:221)
at org.openqa.selenium.support.ui.FluentWait.<init>(FluentWait.java:106)
at org.openqa.selenium.support.ui.WebDriverWait.<init>(WebDriverWait.java:85)
at org.openqa.selenium.support.ui.WebDriverWait.<init>(WebDriverWait.java:45)
at Demp.Maven.MapDataLabTest.geojsonFile(MapDataLabTest.java:124)
at java.base/java.util.ArrayList.forEach(ArrayList.java:1540)
... Removed 27 stack frames]]>
    </failure>
  </testcase> <!-- geojsonFile -->
  <testcase classname="Demp.Maven.MapDataLabTest" name="geojsonFile" time="0.317">
    <failure type="java.lang.NullPointerException">
      <![CDATA[java.lang.NullPointerException
at resources.Base.getScreenshotsPath(Base.java:84)
at Demp.Maven.Listeners.onTestFailure(Listeners.java:64)
at java.base/java.util.ArrayList.forEach(ArrayList.java:1540)
... Removed 24 stack frames]]>
    </failure>
  </testcase> <!-- geojsonFile -->
  <testcase classname="Demp.Maven.MapDataLabTest" name="pincodeFile" time="0.0">
    <ignored/>
  </testcase> <!-- pincodeFile -->
  <testcase classname="Demp.Maven.MapDataLabTest" name="shapeFile" time="0.0">
    <ignored/>
  </testcase> <!-- shapeFile -->
  <testcase classname="Demp.Maven.MapDataLabTest" name="csvFile" time="0.0">
    <ignored/>
  </testcase> <!-- csvFile -->
  <testcase classname="Demp.Maven.AppTest" name="shouldAnswerWithTrue" time="0.0">
    <ignored/>
  </testcase> <!-- shouldAnswerWithTrue -->
</testsuite> <!-- Test -->
