<?xml version="1.0" encoding="UTF-8"?>
<testsuite xmlns:xsi="http://www.w3.org/2001/XMLSchema-instance" xsi:noNamespaceSchemaLocation="https://maven.apache.org/surefire/maven-surefire-plugin/xsd/surefire-test-report.xsd" name="TestSuite" time="409.614" tests="8" errors="0" skipped="0" failures="5">
  <properties>
[...]
</properties>
  <testcase name="shouldAnswerWithTrue" classname="Demp.Maven.AppTest" time="0.007"/>
  <testcase name="csvFile" classname="Demp.Maven.MapDataLabTest" time="117.873"/>
  <testcase name="geojsonFile" classname="Demp.Maven.MapDataLabTest" time="67.584"/>
  <testcase name="indiaSubDistrictFile" classname="Demp.Maven.MapDataLabTest" time="89.191">
    <failure message="element click intercepted: Element &lt;button id=&quot;btnlayer1&quot; onclick=&quot;uploadclassbtn(this,&apos;rgtwwxkcrq&apos;,&apos;File1&apos;)&quot; class=&quot;btn layer_in_button ClassificationBtn&quot; data-toggle=&quot;modal&quot; data-target=&quot;#exampleModal&quot; data-placement=&quot;bottom&quot; title=&quot;Classify Layer&quot; style=&quot;margin-right: 5%;&quot;&gt;...&lt;/button&gt; is not clickable at point (1171, 176). Other element would receive the click: &lt;div class=&quot;modal fade show&quot; id=&quot;exampleModal&quot; tabindex=&quot;-1&quot; role=&quot;dialog&quot; aria-labelledby=&quot;exampleModalLabel&quot; aria-modal=&quot;true&quot; style=&quot;padding-right: 17px; display: block;&quot;&gt;...&lt;/div&gt;&#10;  (Session info: chrome=83.0.4103.61)&#10;Build info: version: &apos;3.141.59&apos;, revision: &apos;e82be7d358&apos;, time: &apos;2018-11-14T08:17:03&apos;&#10;System info: host: &apos;DESKTOP-K0SRPQN&apos;, ip: &apos;192.168.87.1&apos;, os.name: &apos;Windows 10&apos;, os.arch: &apos;amd64&apos;, os.version: &apos;10.0&apos;, java.version: &apos;11.0.2&apos;&#10;Driver info: org.openqa.selenium.chrome.ChromeDriver&#10;Capabilities {acceptInsecureCerts: false, browserName: chrome, browserVersion: 83.0.4103.61, chrome: {chromedriverVersion: 83.0.4103.39 (ccbf011cb2d2b..., userDataDir: C:\Users\dell\AppData\Local...}, goog:chromeOptions: {debuggerAddress: localhost:6631}, javascriptEnabled: true, networkConnectionEnabled: false, pageLoadStrategy: normal, platform: WINDOWS, platformName: WINDOWS, proxy: Proxy(), setWindowRect: true, strictFileInteractability: false, timeouts: {implicit: 0, pageLoad: 300000, script: 30000}, unhandledPromptBehavior: dismiss and notify, webauthn:virtualAuthenticators: true}&#10;Session ID: af71b2297375df393589d9b54b07bdd2" type="org.openqa.selenium.ElementClickInterceptedException"><![CDATA[org.openqa.selenium.ElementClickInterceptedException: 
element click intercepted: Element <button id="btnlayer1" onclick="uploadclassbtn(this,'rgtwwxkcrq','File1')" class="btn layer_in_button ClassificationBtn" data-toggle="modal" data-target="#exampleModal" data-placement="bottom" title="Classify Layer" style="margin-right: 5%;">...</button> is not clickable at point (1171, 176). Other element would receive the click: <div class="modal fade show" id="exampleModal" tabindex="-1" role="dialog" aria-labelledby="exampleModalLabel" aria-modal="true" style="padding-right: 17px; display: block;">...</div>
  (Session info: chrome=83.0.4103.61)
Build info: version: '3.141.59', revision: 'e82be7d358', time: '2018-11-14T08:17:03'
System info: host: 'DESKTOP-K0SRPQN', ip: '192.168.87.1', os.name: 'Windows 10', os.arch: 'amd64', os.version: '10.0', java.version: '11.0.2'
Driver info: org.openqa.selenium.chrome.ChromeDriver
Capabilities {acceptInsecureCerts: false, browserName: chrome, browserVersion: 83.0.4103.61, chrome: {chromedriverVersion: 83.0.4103.39 (ccbf011cb2d2b..., userDataDir: C:\Users\dell\AppData\Local...}, goog:chromeOptions: {debuggerAddress: localhost:6631}, javascriptEnabled: true, networkConnectionEnabled: false, pageLoadStrategy: normal, platform: WINDOWS, platformName: WINDOWS, proxy: Proxy(), setWindowRect: true, strictFileInteractability: false, timeouts: {implicit: 0, pageLoad: 300000, script: 30000}, unhandledPromptBehavior: dismiss and notify, webauthn:virtualAuthenticators: true}
Session ID: af71b2297375df393589d9b54b07bdd2
	at Demp.Maven.MapDataLabTest.indiaSubDistrictFile(MapDataLabTest.java:978)
]]></failure>
    <system-out><![CDATA[Map is selected succesfully
Option Selected successfully isorg.openqa.selenium.support.ui.Select@5974b7e8
clasification method is selected is 
]]></system-out>
  </testcase>
  <testcase name="indianDistrictFile" classname="Demp.Maven.MapDataLabTest" time="10.22">
    <failure message="Expected condition failed: waiting for presence of element located by: By.xpath: //a[@href=&apos;login.php&apos;] (tried for 10 second(s) with 500 milliseconds interval)" type="org.openqa.selenium.TimeoutException">org.openqa.selenium.TimeoutException: Expected condition failed: waiting for presence of element located by: By.xpath: //a[@href='login.php'] (tried for 10 second(s) with 500 milliseconds interval)
	at Demp.Maven.MapDataLabTest.indianDistrictFile(MapDataLabTest.java:359)
Caused by: org.openqa.selenium.NoSuchElementException: 
no such element: Unable to locate element: {"method":"xpath","selector":"//a[@href='login.php']"}
  (Session info: chrome=83.0.4103.61)
For documentation on this error, please visit: https://www.seleniumhq.org/exceptions/no_such_element.html
Build info: version: '3.141.59', revision: 'e82be7d358', time: '2018-11-14T08:17:03'
System info: host: 'DESKTOP-K0SRPQN', ip: '192.168.87.1', os.name: 'Windows 10', os.arch: 'amd64', os.version: '10.0', java.version: '11.0.2'
Driver info: org.openqa.selenium.chrome.ChromeDriver
Capabilities {acceptInsecureCerts: false, browserName: chrome, browserVersion: 83.0.4103.61, chrome: {chromedriverVersion: 83.0.4103.39 (ccbf011cb2d2b..., userDataDir: C:\Users\dell\AppData\Local...}, goog:chromeOptions: {debuggerAddress: localhost:6631}, javascriptEnabled: true, networkConnectionEnabled: false, pageLoadStrategy: normal, platform: WINDOWS, platformName: WINDOWS, proxy: Proxy(), setWindowRect: true, strictFileInteractability: false, timeouts: {implicit: 0, pageLoad: 300000, script: 30000}, unhandledPromptBehavior: dismiss and notify, webauthn:virtualAuthenticators: true}
Session ID: af71b2297375df393589d9b54b07bdd2
*** Element info: {Using=xpath, value=//a[@href='login.php']}
	at Demp.Maven.MapDataLabTest.indianDistrictFile(MapDataLabTest.java:359)
</failure>
  </testcase>
  <testcase name="indianStateFile" classname="Demp.Maven.MapDataLabTest" time="10.134">
    <failure message="Expected condition failed: waiting for presence of element located by: By.xpath: //a[@href=&apos;login.php&apos;] (tried for 10 second(s) with 500 milliseconds interval)" type="org.openqa.selenium.TimeoutException">org.openqa.selenium.TimeoutException: Expected condition failed: waiting for presence of element located by: By.xpath: //a[@href='login.php'] (tried for 10 second(s) with 500 milliseconds interval)
	at Demp.Maven.MapDataLabTest.indianStateFile(MapDataLabTest.java:594)
Caused by: org.openqa.selenium.NoSuchElementException: 
no such element: Unable to locate element: {"method":"xpath","selector":"//a[@href='login.php']"}
  (Session info: chrome=83.0.4103.61)
For documentation on this error, please visit: https://www.seleniumhq.org/exceptions/no_such_element.html
Build info: version: '3.141.59', revision: 'e82be7d358', time: '2018-11-14T08:17:03'
System info: host: 'DESKTOP-K0SRPQN', ip: '192.168.87.1', os.name: 'Windows 10', os.arch: 'amd64', os.version: '10.0', java.version: '11.0.2'
Driver info: org.openqa.selenium.chrome.ChromeDriver
Capabilities {acceptInsecureCerts: false, browserName: chrome, browserVersion: 83.0.4103.61, chrome: {chromedriverVersion: 83.0.4103.39 (ccbf011cb2d2b..., userDataDir: C:\Users\dell\AppData\Local...}, goog:chromeOptions: {debuggerAddress: localhost:6631}, javascriptEnabled: true, networkConnectionEnabled: false, pageLoadStrategy: normal, platform: WINDOWS, platformName: WINDOWS, proxy: Proxy(), setWindowRect: true, strictFileInteractability: false, timeouts: {implicit: 0, pageLoad: 300000, script: 30000}, unhandledPromptBehavior: dismiss and notify, webauthn:virtualAuthenticators: true}
Session ID: af71b2297375df393589d9b54b07bdd2
*** Element info: {Using=xpath, value=//a[@href='login.php']}
	at Demp.Maven.MapDataLabTest.indianStateFile(MapDataLabTest.java:594)
</failure>
  </testcase>
  <testcase name="pincodeFile" classname="Demp.Maven.MapDataLabTest" time="10.043">
    <failure message="Expected condition failed: waiting for presence of element located by: By.xpath: //a[@href=&apos;login.php&apos;] (tried for 10 second(s) with 500 milliseconds interval)" type="org.openqa.selenium.TimeoutException">org.openqa.selenium.TimeoutException: Expected condition failed: waiting for presence of element located by: By.xpath: //a[@href='login.php'] (tried for 10 second(s) with 500 milliseconds interval)
	at Demp.Maven.MapDataLabTest.pincodeFile(MapDataLabTest.java:1061)
Caused by: org.openqa.selenium.NoSuchElementException: 
no such element: Unable to locate element: {"method":"xpath","selector":"//a[@href='login.php']"}
  (Session info: chrome=83.0.4103.61)
For documentation on this error, please visit: https://www.seleniumhq.org/exceptions/no_such_element.html
Build info: version: '3.141.59', revision: 'e82be7d358', time: '2018-11-14T08:17:03'
System info: host: 'DESKTOP-K0SRPQN', ip: '192.168.87.1', os.name: 'Windows 10', os.arch: 'amd64', os.version: '10.0', java.version: '11.0.2'
Driver info: org.openqa.selenium.chrome.ChromeDriver
Capabilities {acceptInsecureCerts: false, browserName: chrome, browserVersion: 83.0.4103.61, chrome: {chromedriverVersion: 83.0.4103.39 (ccbf011cb2d2b..., userDataDir: C:\Users\dell\AppData\Local...}, goog:chromeOptions: {debuggerAddress: localhost:6631}, javascriptEnabled: true, networkConnectionEnabled: false, pageLoadStrategy: normal, platform: WINDOWS, platformName: WINDOWS, proxy: Proxy(), setWindowRect: true, strictFileInteractability: false, timeouts: {implicit: 0, pageLoad: 300000, script: 30000}, unhandledPromptBehavior: dismiss and notify, webauthn:virtualAuthenticators: true}
Session ID: af71b2297375df393589d9b54b07bdd2
*** Element info: {Using=xpath, value=//a[@href='login.php']}
	at Demp.Maven.MapDataLabTest.pincodeFile(MapDataLabTest.java:1061)
</failure>
  </testcase>
  <testcase name="shapeFile" classname="Demp.Maven.MapDataLabTest" time="10.034">
    <failure message="Expected condition failed: waiting for presence of element located by: By.xpath: //a[@href=&apos;login.php&apos;] (tried for 10 second(s) with 500 milliseconds interval)" type="org.openqa.selenium.TimeoutException">org.openqa.selenium.TimeoutException: Expected condition failed: waiting for presence of element located by: By.xpath: //a[@href='login.php'] (tried for 10 second(s) with 500 milliseconds interval)
	at Demp.Maven.MapDataLabTest.shapeFile(MapDataLabTest.java:1539)
Caused by: org.openqa.selenium.NoSuchElementException: 
no such element: Unable to locate element: {"method":"xpath","selector":"//a[@href='login.php']"}
  (Session info: chrome=83.0.4103.61)
For documentation on this error, please visit: https://www.seleniumhq.org/exceptions/no_such_element.html
Build info: version: '3.141.59', revision: 'e82be7d358', time: '2018-11-14T08:17:03'
System info: host: 'DESKTOP-K0SRPQN', ip: '192.168.87.1', os.name: 'Windows 10', os.arch: 'amd64', os.version: '10.0', java.version: '11.0.2'
Driver info: org.openqa.selenium.chrome.ChromeDriver
Capabilities {acceptInsecureCerts: false, browserName: chrome, browserVersion: 83.0.4103.61, chrome: {chromedriverVersion: 83.0.4103.39 (ccbf011cb2d2b..., userDataDir: C:\Users\dell\AppData\Local...}, goog:chromeOptions: {debuggerAddress: localhost:6631}, javascriptEnabled: true, networkConnectionEnabled: false, pageLoadStrategy: normal, platform: WINDOWS, platformName: WINDOWS, proxy: Proxy(), setWindowRect: true, strictFileInteractability: false, timeouts: {implicit: 0, pageLoad: 300000, script: 30000}, unhandledPromptBehavior: dismiss and notify, webauthn:virtualAuthenticators: true}
Session ID: af71b2297375df393589d9b54b07bdd2
*** Element info: {Using=xpath, value=//a[@href='login.php']}
	at Demp.Maven.MapDataLabTest.shapeFile(MapDataLabTest.java:1539)
</failure>
  </testcase>
</testsuite>